INFO: 2026/01/07 19:02:10 main.go:40: Обычный режим работы.
INFO: 2026/01/07 19:02:10 main.go:45: 🚦 Запуск
INFO: 2026/01/07 19:02:10 coreDB.go:43: ✓ Подключение к БД успешно установлено
INFO: 2026/01/07 19:02:10 booksTags.go:52: Таблицы успешно созданы/проверены
INFO: 2026/01/07 19:02:10 bot.go:51: Регистрация обработчиков...
INFO: 2026/01/07 19:02:10 middleware.go:23: → Вызов метода: users.getUsers
INFO: 2026/01/07 19:02:10 middleware.go:23: → Вызов метода: users.getUsers
INFO: 2026/01/07 19:02:10 middleware.go:34: ✅ Метод users.getUsers выполнен успешно за 154.83777ms
INFO: 2026/01/07 19:02:10 middleware.go:34: ✅ Метод users.getUsers выполнен успешно за 54.958656ms
INFO: 2026/01/07 19:02:10 bot.go:69: ✓ Используем существующую сессию
INFO: 2026/01/07 19:02:24 middleware.go:23: → Вызов метода: upload.saveFilePart
INFO: 2026/01/07 19:02:24 middleware.go:34: ✅ Метод upload.saveFilePart выполнен успешно за 56.425763ms
INFO: 2026/01/07 19:02:24 middleware.go:23: → Вызов метода: messages.sendMedia
INFO: 2026/01/07 19:02:24 middleware.go:34: ✅ Метод messages.sendMedia выполнен успешно за 86.138269ms
INFO: 2026/01/07 19:02:24 middleware.go:23: → Вызов метода: messages.setBotCallbackAnswer
INFO: 2026/01/07 19:02:24 middleware.go:34: ✅ Метод messages.setBotCallbackAnswer выполнен успешно за 57.429174ms
INFO: 2026/01/07 19:02:26 middleware.go:23: → Вызов метода: messages.sendMessage
INFO: 2026/01/07 19:02:26 middleware.go:34: ✅ Метод messages.sendMessage выполнен успешно за 101.218522ms
INFO: 2026/01/07 19:02:26 middleware.go:23: → Вызов метода: messages.setBotCallbackAnswer
INFO: 2026/01/07 19:02:26 middleware.go:34: ✅ Метод messages.setBotCallbackAnswer выполнен успешно за 60.558792ms
INFO: 2026/01/07 19:02:28 middleware.go:23: → Вызов метода: messages.sendMessage
INFO: 2026/01/07 19:02:28 middleware.go:34: ✅ Метод messages.sendMessage выполнен успешно за 80.50769ms
INFO: 2026/01/07 19:02:28 middleware.go:23: → Вызов метода: messages.setBotCallbackAnswer
INFO: 2026/01/07 19:02:28 middleware.go:34: ✅ Метод messages.setBotCallbackAnswer выполнен успешно за 53.703385ms
INFO: 2026/01/07 19:02:38 bot.go:103: Получено сообщение: clear
INFO: 2026/01/07 19:02:55 main.go:81: Бот остановлен.
INFO: 2026/01/07 19:16:31 main.go:80: Обычный режим работы.
INFO: 2026/01/07 19:16:31 main.go:85: 🚦 Запуск
